<?xml version="1.0" encoding="UTF-8"?>
<testng-results ignored="2" total="8" passed="6" failed="0" skipped="0">
  <reporter-output>
  </reporter-output>
  <suite started-at="2022-09-29T12:04:20 IST" name="Gradle suite" finished-at="2022-09-29T12:04:20 IST" duration-ms="64">
    <groups>
      <group name="simpleCalculation">
        <method signature="CalculatorTest.testAdditionOfTwoNumbers(int,int,int)[pri:0, instance:CalculatorTest@6692b6c6]" name="testAdditionOfTwoNumbers" class="CalculatorTest"/>
        <method signature="CalculatorTest.testDivisionOfTwoNumbers()[pri:0, instance:CalculatorTest@6692b6c6]" name="testDivisionOfTwoNumbers" class="CalculatorTest"/>
        <method signature="CalculatorTest.testMultiplicationOfTwoNumbers()[pri:0, instance:CalculatorTest@6692b6c6]" name="testMultiplicationOfTwoNumbers" class="CalculatorTest"/>
        <method signature="CalculatorTest.testSubtractionOfTwoNumbers()[pri:0, instance:CalculatorTest@6692b6c6]" name="testSubtractionOfTwoNumbers" class="CalculatorTest"/>
      </group> <!-- simpleCalculation -->
    </groups>
    <test started-at="2022-09-29T12:04:20 IST" name="Gradle test" finished-at="2022-09-29T12:04:20 IST" duration-ms="64">
      <class name="CalculatorTest">
        <test-method is-config="true" signature="setup()[pri:0, instance:CalculatorTest@6692b6c6]" started-at="2022-09-29T12:04:20 IST" name="setup" finished-at="2022-09-29T12:04:20 IST" duration-ms="9" status="PASS">
          <reporter-output>
          </reporter-output>
        </test-method> <!-- setup -->
        <test-method signature="testAdditionOfTwoNumbers(int,int,int)[pri:0, instance:CalculatorTest@6692b6c6]" started-at="2022-09-29T12:04:20 IST" name="testAdditionOfTwoNumbers" data-provider="additionData" finished-at="2022-09-29T12:04:20 IST" duration-ms="2" status="PASS">
          <params>
            <param index="0">
              <value>
                <![CDATA[1]]>
              </value>
            </param>
            <param index="1">
              <value>
                <![CDATA[2]]>
              </value>
            </param>
            <param index="2">
              <value>
                <![CDATA[3]]>
              </value>
            </param>
          </params>
          <reporter-output>
          </reporter-output>
        </test-method> <!-- testAdditionOfTwoNumbers -->
        <test-method is-config="true" signature="setup()[pri:0, instance:CalculatorTest@6692b6c6]" started-at="2022-09-29T12:04:20 IST" name="setup" finished-at="2022-09-29T12:04:20 IST" duration-ms="1" status="PASS">
          <reporter-output>
          </reporter-output>
        </test-method> <!-- setup -->
        <test-method signature="testAdditionOfTwoNumbers(int,int,int)[pri:0, instance:CalculatorTest@6692b6c6]" started-at="2022-09-29T12:04:20 IST" name="testAdditionOfTwoNumbers" data-provider="additionData" finished-at="2022-09-29T12:04:20 IST" duration-ms="0" status="PASS">
          <params>
            <param index="0">
              <value>
                <![CDATA[2]]>
              </value>
            </param>
            <param index="1">
              <value>
                <![CDATA[3]]>
              </value>
            </param>
            <param index="2">
              <value>
                <![CDATA[5]]>
              </value>
            </param>
          </params>
          <reporter-output>
          </reporter-output>
        </test-method> <!-- testAdditionOfTwoNumbers -->
        <test-method signature="testAdditionOfTwoNumbers(int,int,int)[pri:0, instance:CalculatorTest@6692b6c6]" started-at="2022-09-29T12:04:20 IST" name="testAdditionOfTwoNumbers" data-provider="additionData" finished-at="2022-09-29T12:04:20 IST" duration-ms="1" status="PASS">
          <params>
            <param index="0">
              <value>
                <![CDATA[4]]>
              </value>
            </param>
            <param index="1">
              <value>
                <![CDATA[5]]>
              </value>
            </param>
            <param index="2">
              <value>
                <![CDATA[9]]>
              </value>
            </param>
          </params>
          <reporter-output>
          </reporter-output>
        </test-method> <!-- testAdditionOfTwoNumbers -->
        <test-method is-config="true" signature="setup()[pri:0, instance:CalculatorTest@6692b6c6]" started-at="2022-09-29T12:04:20 IST" name="setup" finished-at="2022-09-29T12:04:20 IST" duration-ms="0" status="PASS">
          <reporter-output>
          </reporter-output>
        </test-method> <!-- setup -->
        <test-method is-config="true" signature="setup()[pri:0, instance:CalculatorTest@6692b6c6]" started-at="2022-09-29T12:04:20 IST" name="setup" finished-at="2022-09-29T12:04:20 IST" duration-ms="1" status="PASS">
          <reporter-output>
          </reporter-output>
        </test-method> <!-- setup -->
        <test-method signature="testDivisionOfTwoNumbers()[pri:0, instance:CalculatorTest@6692b6c6]" started-at="2022-09-29T12:04:20 IST" name="testDivisionOfTwoNumbers" finished-at="2022-09-29T12:04:20 IST" duration-ms="0" status="PASS">
          <reporter-output>
          </reporter-output>
        </test-method> <!-- testDivisionOfTwoNumbers -->
        <test-method is-config="true" signature="setup()[pri:0, instance:CalculatorTest@6692b6c6]" started-at="2022-09-29T12:04:20 IST" name="setup" finished-at="2022-09-29T12:04:20 IST" duration-ms="1" status="PASS">
          <reporter-output>
          </reporter-output>
        </test-method> <!-- setup -->
        <test-method signature="testMultiplicationOfTwoNumbers()[pri:0, instance:CalculatorTest@6692b6c6]" started-at="2022-09-29T12:04:20 IST" name="testMultiplicationOfTwoNumbers" finished-at="2022-09-29T12:04:20 IST" duration-ms="0" status="PASS">
          <reporter-output>
          </reporter-output>
        </test-method> <!-- testMultiplicationOfTwoNumbers -->
        <test-method is-config="true" signature="setup()[pri:0, instance:CalculatorTest@6692b6c6]" started-at="2022-09-29T12:04:20 IST" name="setup" finished-at="2022-09-29T12:04:20 IST" duration-ms="0" status="PASS">
          <reporter-output>
          </reporter-output>
        </test-method> <!-- setup -->
        <test-method signature="testSubtractionOfTwoNumbers()[pri:0, instance:CalculatorTest@6692b6c6]" started-at="2022-09-29T12:04:20 IST" name="testSubtractionOfTwoNumbers" finished-at="2022-09-29T12:04:20 IST" duration-ms="0" status="PASS">
          <reporter-output>
          </reporter-output>
        </test-method> <!-- testSubtractionOfTwoNumbers -->
      </class> <!-- CalculatorTest -->
    </test> <!-- Gradle test -->
  </suite> <!-- Gradle suite -->
</testng-results>
